{"/home/bellabe/Projects/abilink/chainNames.js": {"path":"/home/bellabe/Projects/abilink/chainNames.js","statementMap":{"0":{"start":{"line":1,"column":0},"end":{"line":1,"column":26}},"1":{"start":{"line":3,"column":31},"end":{"line":3,"column":49}},"2":{"start":{"line":6,"column":15},"end":{"line":25,"column":1}},"3":{"start":{"line":28,"column":19},"end":{"line":567,"column":1}},"4":{"start":{"line":569,"column":0},"end":{"line":572,"column":1}}},"fnMap":{},"branchMap":{},"s":{"0":1,"1":1,"2":1,"3":1,"4":1},"f":{},"b":{},"_coverageSchema":"1a1c01bbd47fc00a2c39e90264f33305004495a9","hash":"2553b3346f541af67c51c4fce6817db18ccf0ca3"}
,"/home/bellabe/Projects/abilink/utils.js": {"path":"/home/bellabe/Projects/abilink/utils.js","statementMap":{"0":{"start":{"line":1,"column":29},"end":{"line":7,"column":3}},"1":{"start":{"line":2,"column":19},"end":{"line":2,"column":39}},"2":{"start":{"line":3,"column":4},"end":{"line":5,"column":5}},"3":{"start":{"line":4,"column":6},"end":{"line":4,"column":59}},"4":{"start":{"line":6,"column":4},"end":{"line":6,"column":18}},"5":{"start":{"line":9,"column":2},"end":{"line":11,"column":3}}},"fnMap":{"0":{"name":"(anonymous_0)","decl":{"start":{"line":1,"column":29},"end":{"line":1,"column":30}},"loc":{"start":{"line":1,"column":40},"end":{"line":7,"column":3}},"line":1}},"branchMap":{"0":{"loc":{"start":{"line":3,"column":4},"end":{"line":5,"column":5}},"type":"if","locations":[{"start":{"line":3,"column":4},"end":{"line":5,"column":5}},{"start":{},"end":{}}],"line":3}},"s":{"0":1,"1":8,"2":8,"3":0,"4":8,"5":1},"f":{"0":8},"b":{"0":[0,8]},"_coverageSchema":"1a1c01bbd47fc00a2c39e90264f33305004495a9","hash":"82dd936b92d427ec8111edaaca2dcbb7ec898a68"}
,"/home/bellabe/Projects/abilink/lib/handlers.js": {"path":"/home/bellabe/Projects/abilink/lib/handlers.js","statementMap":{"0":{"start":{"line":1,"column":19},"end":{"line":1,"column":43}},"1":{"start":{"line":3,"column":21},"end":{"line":7,"column":1}},"2":{"start":{"line":4,"column":4},"end":{"line":6,"column":5}},"3":{"start":{"line":5,"column":8},"end":{"line":5,"column":27}},"4":{"start":{"line":9,"column":13},"end":{"line":18,"column":1}},"5":{"start":{"line":10,"column":41},"end":{"line":10,"column":50}},"6":{"start":{"line":11,"column":27},"end":{"line":11,"column":50}},"7":{"start":{"line":12,"column":22},"end":{"line":12,"column":58}},"8":{"start":{"line":13,"column":4},"end":{"line":17,"column":5}},"9":{"start":{"line":14,"column":18},"end":{"line":14,"column":58}},"10":{"start":{"line":16,"column":6},"end":{"line":16,"column":60}},"11":{"start":{"line":20,"column":17},"end":{"line":20,"column":53}},"12":{"start":{"line":20,"column":36},"end":{"line":20,"column":53}},"13":{"start":{"line":21,"column":20},"end":{"line":21,"column":56}},"14":{"start":{"line":21,"column":39},"end":{"line":21,"column":56}},"15":{"start":{"line":23,"column":0},"end":{"line":25,"column":1}}},"fnMap":{"0":{"name":"(anonymous_0)","decl":{"start":{"line":3,"column":21},"end":{"line":3,"column":22}},"loc":{"start":{"line":3,"column":39},"end":{"line":7,"column":1}},"line":3},"1":{"name":"(anonymous_1)","decl":{"start":{"line":9,"column":13},"end":{"line":9,"column":14}},"loc":{"start":{"line":9,"column":32},"end":{"line":18,"column":1}},"line":9},"2":{"name":"(anonymous_2)","decl":{"start":{"line":20,"column":17},"end":{"line":20,"column":18}},"loc":{"start":{"line":20,"column":36},"end":{"line":20,"column":53}},"line":20},"3":{"name":"(anonymous_3)","decl":{"start":{"line":21,"column":20},"end":{"line":21,"column":21}},"loc":{"start":{"line":21,"column":39},"end":{"line":21,"column":56}},"line":21}},"branchMap":{"0":{"loc":{"start":{"line":4,"column":4},"end":{"line":6,"column":5}},"type":"if","locations":[{"start":{"line":4,"column":4},"end":{"line":6,"column":5}},{"start":{},"end":{}}],"line":4},"1":{"loc":{"start":{"line":13,"column":4},"end":{"line":17,"column":5}},"type":"if","locations":[{"start":{"line":13,"column":4},"end":{"line":17,"column":5}},{"start":{},"end":{}}],"line":13}},"s":{"0":1,"1":1,"2":1,"3":0,"4":1,"5":1,"6":1,"7":1,"8":1,"9":0,"10":0,"11":1,"12":0,"13":1,"14":0,"15":1},"f":{"0":1,"1":1,"2":0,"3":0},"b":{"0":[0,1],"1":[0,1]},"_coverageSchema":"1a1c01bbd47fc00a2c39e90264f33305004495a9","hash":"c374d9d1fc7c125902d1debbe51e2f8c2621e1a1"}
}
