TN:
SF:chainNames.js
FNF:0
FNH:0
DA:1,1
DA:3,1
DA:6,1
DA:28,1
DA:569,1
LF:5
LH:5
BRF:0
BRH:0
end_of_record
TN:
SF:utils.js
FN:1,(anonymous_0)
FNF:1
FNH:1
FNDA:8,(anonymous_0)
DA:1,1
DA:2,8
DA:3,8
DA:4,0
DA:6,8
DA:9,1
LF:6
LH:5
BRDA:3,0,0,0
BRDA:3,0,1,8
BRF:2
BRH:1
end_of_record
TN:
SF:lib/handlers.js
FN:3,(anonymous_0)
FN:9,(anonymous_1)
FN:20,(anonymous_2)
FN:21,(anonymous_3)
FNF:4
FNH:2
FNDA:1,(anonymous_0)
FNDA:1,(anonymous_1)
FNDA:0,(anonymous_2)
FNDA:0,(anonymous_3)
DA:1,1
DA:3,1
DA:4,1
DA:5,0
DA:9,1
DA:10,1
DA:11,1
DA:12,1
DA:13,1
DA:14,0
DA:16,0
DA:20,1
DA:21,1
DA:23,1
LF:14
LH:11
BRDA:4,0,0,0
BRDA:4,0,1,1
BRDA:13,1,0,0
BRDA:13,1,1,1
BRF:4
BRH:2
end_of_record
